<?xml version="1.0" encoding="UTF-8"?>
<testng-results ignored="0" total="0" passed="0" failed="0" skipped="0">
  <reporter-output>
  </reporter-output>
  <suite started-at="2023-08-04T23:56:30 BDT" name="TestRunner" finished-at="2023-08-04T23:56:30 BDT" duration-ms="14">
    <groups>
    </groups>
    <test started-at="2023-08-04T23:56:30 BDT" name="Command line test" finished-at="2023-08-04T23:56:30 BDT" duration-ms="14">
    </test> <!-- Command line test -->
  </suite> <!-- TestRunner -->
</testng-results>
